<?xml version="1.0" encoding="UTF-8"?>
<!-- Generated by org.testng.reporters.JUnitReportReporter -->
<testsuite hostname="QT-INBG-LT1138" failures="0" tests="1" name="com.contact.contactus.SignUp" time="12.127" errors="0" timestamp="2022-10-14T16:12:19 IST" skipped="0">
  <testcase classname="com.contact.contactus.SignUp" name="SignUp1" time="12.127"/>
  <system-out/>
</testsuite> <!-- com.contact.contactus.SignUp -->
