<?xml version="1.0" encoding="UTF-8"?>
<!-- Generated by org.testng.reporters.JUnitReportReporter -->
<testsuite hostname="QT-INBG-LT1138" failures="0" tests="1" name="com.contact.contactus.SignUp" time="6.200" errors="0" timestamp="2022-09-20T09:46:03 IST" skipped="0">
  <testcase classname="com.contact.contactus.SignUp" name="SignUp" time="6.200"/>
  <system-out/>
</testsuite> <!-- com.contact.contactus.SignUp -->
