<?xml version="1.0" encoding="UTF-8"?>
<!-- Generated by org.testng.reporters.JUnitReportReporter -->
<testsuite hostname="QT-INBG-LT1138" failures="0" tests="1" name="com.contact.contactusPageobject.SignUpPRATIKSHA" time="8.291" errors="0" timestamp="2022-09-19T18:25:08 IST" skipped="0">
  <testcase classname="com.contact.contactusPageobject.SignUpPRATIKSHA" name="launchBrowser" time="8.291"/>
  <system-out/>
</testsuite> <!-- com.contact.contactusPageobject.SignUpPRATIKSHA -->
