<?xml version="1.0" encoding="UTF-8"?>
<!-- Generated by org.testng.reporters.JUnitReportReporter -->
<testsuite hostname="QT-INBG-LT1138" failures="0" tests="2" name="com.contact.contactus.SignIn" time="13.675" errors="0" timestamp="2022-10-14T16:12:19 IST" skipped="0">
  <testcase classname="com.contact.contactus.SignIn" name="signin" time="5.822"/>
  <system-out/>
  <testcase classname="com.contact.contactus.SignIn" name="signin" time="7.853"/>
  <system-out/>
</testsuite> <!-- com.contact.contactus.SignIn -->
