<?xml version="1.0" encoding="UTF-8"?>
<!-- Generated by org.testng.reporters.JUnitReportReporter -->
<testsuite hostname="QT-INBG-LT1138" failures="0" tests="1" name="com.contact.contactusPageobject.ContactUs" time="9.663" errors="0" timestamp="2022-09-19T10:44:02 IST" skipped="0">
  <testcase classname="com.contact.contactusPageobject.ContactUs" name="SignMethod" time="9.663"/>
  <system-out/>
</testsuite> <!-- com.contact.contactusPageobject.ContactUs -->
