<?xml version="1.0" encoding="UTF-8"?>
<!-- Generated by org.testng.reporters.JUnitReportReporter -->
<testsuite hostname="QT-INBG-LT1138" failures="0" tests="2" name="com.contact.contactus.ContactUs" time="18.991" errors="0" timestamp="2022-10-17T15:08:05 IST" skipped="0">
  <testcase classname="com.contact.contactus.ContactUs" name="contactus" time="10.978"/>
  <system-out/>
  <testcase classname="com.contact.contactus.ContactUs" name="contactus" time="8.013"/>
  <system-out/>
</testsuite> <!-- com.contact.contactus.ContactUs -->
