<?xml version="1.0" encoding="UTF-8"?>
<!-- Generated by org.testng.reporters.JUnitReportReporter -->
<testsuite hostname="QT-INBG-LT1138" failures="0" tests="2" name="com.contact.contactus.SignIn" time="9.396" errors="0" timestamp="2022-09-20T09:46:03 IST" skipped="0">
  <testcase classname="com.contact.contactus.SignIn" name="signin" time="4.722"/>
  <system-out/>
  <testcase classname="com.contact.contactus.SignIn" name="signin" time="4.674"/>
  <system-out/>
</testsuite> <!-- com.contact.contactus.SignIn -->
