<?xml version="1.0" encoding="UTF-8"?>
<!-- Generated by org.testng.reporters.JUnitReportReporter -->
<testsuite hostname="QT-INBG-LT1138" failures="0" tests="1" name="com.contact.contactusPageobject.SignUp" time="14.060" errors="0" timestamp="2022-09-19T10:47:55 IST" skipped="0">
  <testcase classname="com.contact.contactusPageobject.SignUp" name="launchBrowser" time="14.060"/>
  <system-out/>
</testsuite> <!-- com.contact.contactusPageobject.SignUp -->
